<?xml version="1.0" encoding="UTF-8" ?>
<testsuite errors="0" failures="0" hostname="qinkai-ThinkPad-Edge-E430c" name="MyImageTest" skipped="0" tests="9" time="1.216" timestamp="2015-08-26T07:10:11">
  <properties>
[...]
</properties>
  <testcase classname="MyImageTest" name="rslImageRed2Process" time="0.475" />
  <testcase classname="MyImageTest" name="rslImageGreen2Process" time="0.245" />
  <testcase classname="MyImageTest" name="rslImageBlueProcess" time="0.045" />
  <testcase classname="MyImageTest" name="rslImageGreenProcess" time="0.04" />
  <testcase classname="MyImageTest" name="rslImageRedProcess" time="0.05" />
  <testcase classname="MyImageTest" name="rslImageGrayProcess" time="0.038" />
  <testcase classname="MyImageTest" name="rslImageRead" time="0.04" />
  <testcase classname="MyImageTest" name="rslImageBlue2Process" time="0.144" />
  <testcase classname="MyImageTest" name="rslImageGray2Process" time="0.064" />
  <system-out><![CDATA[2199606
715
1024
24
2199606
715
1024
24
480054
400
400
24
480054
400
400
24
480054
400
400
24
480054
400
400
24
480054
400
400
24
2199606
715
1024
24
2199606
715
1024
24
]]></system-out>
  <system-err><![CDATA[]]></system-err>
</testsuite>
